<?xml version="1.0" encoding="UTF-8"?>
<!-- Generated by org.testng.reporters.JUnitReportReporter -->
<testsuite hostname="IN-H88K1N3" failures="0" tests="2" name="api.TestCases.UserTest2" time="5.540" errors="0" timestamp="2024-08-08T16:13:00 IST" skipped="0">
  <testcase classname="api.TestCases.UserTest2" name="testCreateUser" time="2.777"/>
  <system-out/>
  <testcase classname="api.TestCases.UserTest2" name="testUpdateUser" time="2.763"/>
  <system-out/>
</testsuite> <!-- api.TestCases.UserTest2 -->
