<?xml version="1.0" encoding="UTF-8"?>
<!-- Generated by org.testng.reporters.JUnitReportReporter -->
<testsuite hostname="IN-H88K1N3" failures="0" tests="6" name="api.TestCases.UserTest" time="16.723" errors="0" timestamp="2024-08-08T15:50:43 IST" skipped="0">
  <testcase classname="api.TestCases.UserTest" name="testCreateUser" time="1.426"/>
  <system-out/>
  <testcase classname="api.TestCases.UserTest" name="testCreateUser" time="1.436"/>
  <system-out/>
  <testcase classname="api.TestCases.UserTest" name="testCreateUser" time="3.123"/>
  <system-out/>
  <testcase classname="api.TestCases.UserTest" name="testDeleteUser" time="3.579"/>
  <system-out/>
  <testcase classname="api.TestCases.UserTest" name="testDeleteUser" time="3.588"/>
  <system-out/>
  <testcase classname="api.TestCases.UserTest" name="testDeleteUser" time="3.571"/>
  <system-out/>
</testsuite> <!-- api.TestCases.UserTest -->
