<?xml version="1.0" encoding="UTF-8"?>
<!-- Generated by org.testng.reporters.JUnitReportReporter -->
<testsuite hostname="IN-H88K1N3" failures="0" tests="2" name="api.TestCases.UserTest2" time="4.448" errors="0" timestamp="2024-08-08T16:26:50 IST" skipped="0">
  <testcase classname="api.TestCases.UserTest2" name="testCreateUser" time="1.580"/>
  <testcase classname="api.TestCases.UserTest2" name="testUpdateUser" time="2.868"/>
</testsuite> <!-- api.TestCases.UserTest2 -->
