<?xml version="1.0" encoding="UTF-8"?>
<!-- Generated by org.testng.reporters.JUnitReportReporter -->
<testsuite hostname="IN-H88K1N3" failures="0" tests="6" name="api.TestCases.UserTest" time="16.835" errors="0" timestamp="2024-08-08T16:26:50 IST" skipped="0">
  <testcase classname="api.TestCases.UserTest" name="testCreateUser" time="3.170"/>
  <testcase classname="api.TestCases.UserTest" name="testCreateUser" time="1.365"/>
  <testcase classname="api.TestCases.UserTest" name="testCreateUser" time="1.564"/>
  <testcase classname="api.TestCases.UserTest" name="testDeleteUser" time="3.571"/>
  <testcase classname="api.TestCases.UserTest" name="testDeleteUser" time="3.581"/>
  <testcase classname="api.TestCases.UserTest" name="testDeleteUser" time="3.584"/>
</testsuite> <!-- api.TestCases.UserTest -->
